<?xml version="1.0" encoding="UTF-8"?>
<!-- Generated by org.testng.reporters.JUnitReportReporter -->
<testsuite hostname="LAPTOP-C8NQPUNU" failures="0" tests="1" name="in.amazon.DemoJenkins.VerifyTitle" time="0.022" errors="0" timestamp="19 Jul 2023 05:06:04 GMT" skipped="0">
  <testcase classname="in.amazon.DemoJenkins.VerifyTitle" name="titleVerification" time="0.022"/>
</testsuite> <!-- in.amazon.DemoJenkins.VerifyTitle -->
